--- Starting Way of Work Server at Fri May 22 01:45:34 PM EEST 2026 ---
============================================
  Way of Work Server
============================================

  Web interface:    http://127.0.0.1:3333
  API health:       http://127.0.0.1:3333/api/health
  API docs:         http://127.0.0.1:3333/api/manifest
  Logs:             /home/zerwiz/CodeP/wayofwork/server.log

  Set WOP_AUTH_SECRET in .env for production JWT signing.

============================================

==> Building app (tsc -b && vite build)...
$ tsc -b && vite build
vite v6.4.2 building for production...
transforming...
✓ 3852 modules transformed.
rendering chunks...
[plugin vite:reporter] 
(!) /home/zerwiz/CodeP/wayofwork/src/api/client.ts is dynamically imported by /home/zerwiz/CodeP/wayofwork/src/hooks/useClawWorkspace.ts, /home/zerwiz/CodeP/wayofwork/src/hooks/useClawWorkspace.ts, /home/zerwiz/CodeP/wayofwork/src/hooks/useClawWorkspace.ts but also statically imported by /home/zerwiz/CodeP/wayofwork/src/components/GitExplorerStatusBadge.tsx, /home/zerwiz/CodeP/wayofwork/src/components/HostDoctorModal.tsx, /home/zerwiz/CodeP/wayofwork/src/components/IndexingDocsModal.tsx, /home/zerwiz/CodeP/wayofwork/src/components/RestartServerModal.tsx, /home/zerwiz/CodeP/wayofwork/src/components/TeamsGuiEditorModal.tsx, /home/zerwiz/CodeP/wayofwork/src/components/claw/ClawApp.tsx, /home/zerwiz/CodeP/wayofwork/src/components/claw/ClawChannelsView.tsx, /home/zerwiz/CodeP/wayofwork/src/components/docs/DocsApp.tsx, /home/zerwiz/CodeP/wayofwork/src/components/simple/SimpleTeamView.tsx, /home/zerwiz/CodeP/wayofwork/src/components/technical/TerminalSettingsSection.tsx, /home/zerwiz/CodeP/wayofwork/src/hooks/useClawAutomationStatus.ts, /home/zerwiz/CodeP/wayofwork/src/hooks/useClawHostFileTree.ts, /home/zerwiz/CodeP/wayofwork/src/hooks/useClawMissionEvents.ts, /home/zerwiz/CodeP/wayofwork/src/hooks/useClawSchedules.ts, /home/zerwiz/CodeP/wayofwork/src/hooks/useClawTelegramStatus.ts, /home/zerwiz/CodeP/wayofwork/src/hooks/useClawWhatsAppStatus.ts, /home/zerwiz/CodeP/wayofwork/src/hooks/useCommandItems.ts, /home/zerwiz/CodeP/wayofwork/src/hooks/useFileEditor.ts, /home/zerwiz/CodeP/wayofwork/src/hooks/useGithubConnection.ts, /home/zerwiz/CodeP/wayofwork/src/hooks/useLlmModels.ts, /home/zerwiz/CodeP/wayofwork/src/hooks/usePlanHandoffSelection.ts, /home/zerwiz/CodeP/wayofwork/src/hooks/useWorkspaceActions.ts, /home/zerwiz/CodeP/wayofwork/src/pages/ClientDashboard.tsx, /home/zerwiz/CodeP/wayofwork/src/utils/planModeWorkspace.ts, dynamic import will not move module into another chunk.

computing gzip size...
dist/index.html                                           0.58 kB │ gzip:   0.35 kB
dist/assets/index-B0eZaL_e.css                          151.54 kB │ gzip:  24.35 kB
dist/assets/channel-IlU5f4xG.js                           0.11 kB │ gzip:   0.13 kB
dist/assets/init-Gi6I4Gst.js                              0.15 kB │ gzip:   0.13 kB
dist/assets/chunk-QZHKN3VN-Bv3FCht9.js                    0.19 kB │ gzip:   0.16 kB
dist/assets/chunk-55IACEB6-DEmF1U6s.js                    0.23 kB │ gzip:   0.21 kB
dist/assets/chunk-4BX2VUAB-BWOCwCVr.js                    0.30 kB │ gzip:   0.20 kB
dist/assets/chunk-FMBD7UC4-DRDeFPez.js                    0.37 kB │ gzip:   0.27 kB
dist/assets/stateDiagram-v2-BHNVJYJU-3EhvoN5z.js          0.40 kB │ gzip:   0.28 kB
dist/assets/classDiagram-4FO5ZUOK-C9IOkMQ1.js             0.47 kB │ gzip:   0.32 kB
dist/assets/classDiagram-v2-Q7XG4LA2-C9IOkMQ1.js          0.47 kB │ gzip:   0.32 kB
dist/assets/chunk-2J33WTMH-COXRcg4-.js                    0.53 kB │ gzip:   0.38 kB
dist/assets/infoDiagram-5YYISTIA-DQP_ALBy.js              0.59 kB │ gzip:   0.40 kB
dist/assets/ordinal-Cboi1Yqb.js                           1.19 kB │ gzip:   0.57 kB
dist/assets/chunk-ND2GUHAM-7gLwdF_e.js                    1.89 kB │ gzip:   0.83 kB
dist/assets/diagram-5GNKFQAL-BChP8LNO.js                  2.77 kB │ gzip:   1.37 kB
dist/assets/arc-Z37Tx9Bn.js                               3.43 kB │ gzip:   1.48 kB
dist/assets/diagram-LMA3HP47-D7KxjbWp.js                  4.25 kB │ gzip:   1.86 kB
dist/assets/defaultLocale-CrowFXzY.js                     4.69 kB │ gzip:   2.18 kB
dist/assets/pieDiagram-4H26LBE5-DCBahreC.js               5.33 kB │ gzip:   2.37 kB
dist/assets/linear-Cbtbd5vq.js                            5.66 kB │ gzip:   2.31 kB
dist/assets/diagram-2AECGRRQ-CK4iosnu.js                  5.98 kB │ gzip:   2.52 kB
dist/assets/stateDiagram-AJRCARHV-Chd05nnS.js            10.36 kB │ gzip:   3.62 kB
dist/assets/diagram-KO2AKTUF-kea2z_r_.js                 10.83 kB │ gzip:   4.18 kB
dist/assets/dagre-BM42HDAG-osqQ8Inq.js                   11.39 kB │ gzip:   4.20 kB
dist/assets/diagram-OG6HWLK6-BHDLuijX.js                 15.93 kB │ gzip:   5.70 kB
dist/assets/ishikawaDiagram-YF4QCWOH-DW5NHfa_.js         17.57 kB │ gzip:   6.68 kB
dist/assets/kanban-definition-UN3LZRKU-B_5CGBh_.js       20.71 kB │ gzip:   7.30 kB
dist/assets/mindmap-definition-RKZ34NQL-8OZaHwgo.js      23.37 kB │ gzip:   7.89 kB
dist/assets/sankeyDiagram-5OEKKPKP-BFtSPT8r.js           23.40 kB │ gzip:   8.58 kB
dist/assets/journeyDiagram-JHISSGLW-qgALkGNP.js          23.58 kB │ gzip:   8.35 kB
dist/assets/graph-BEmEBUp_.js                            23.95 kB │ gzip:   8.32 kB
dist/assets/wardleyDiagram-YWT4CUSO-Dm_ofuXX.js          26.11 kB │ gzip:   6.94 kB
dist/assets/erDiagram-TEJ5UH35-0YzEgt2t.js               26.99 kB │ gzip:   9.39 kB
dist/assets/gitGraphDiagram-PVQCEYII-FN1H8gDY.js         29.95 kB │ gzip:   8.89 kB
dist/assets/requirementDiagram-4Y6WPE33-DHb4_43i.js      31.22 kB │ gzip:   9.82 kB
dist/assets/timeline-definition-PNZ67QCA-DbwJDWWD.js     31.35 kB │ gzip:  10.43 kB
dist/assets/quadrantDiagram-W4KKPZXB-C32Z1T9-.js         34.51 kB │ gzip:  10.14 kB
dist/assets/layout-Bw0msyOw.js                           35.83 kB │ gzip:  12.87 kB
dist/assets/chunk-AQP2D5EJ-BabzreYD.js                   37.58 kB │ gzip:  12.24 kB
dist/assets/xychartDiagram-2RQKCTM6-B5uV-FIa.js          40.40 kB │ gzip:  11.56 kB
dist/assets/vennDiagram-CIIHVFJN-CwWr7SF_.js             41.84 kB │ gzip:  15.59 kB
dist/assets/chunk-727SXJPM-ByYjpNg6.js                   49.11 kB │ gzip:  15.76 kB
dist/assets/flowDiagram-I6XJVG4X-BaTq2SbD.js             61.20 kB │ gzip:  19.52 kB
dist/assets/ganttDiagram-6RSMTGT7-DcVEmaix.js            69.58 kB │ gzip:  23.48 kB
dist/assets/c4Diagram-AAUBKEIU-e_QQ5LJa.js               69.98 kB │ gzip:  19.66 kB
dist/assets/blockDiagram-GPEHLZMM-DrOj1WkE.js            74.92 kB │ gzip:  21.57 kB
dist/assets/cose-bilkent-S5V4N54A-D3lpKSC7.js            81.72 kB │ gzip:  22.48 kB
dist/assets/sequenceDiagram-3UESZ5HK-pBdwXBYX.js        117.33 kB │ gzip:  31.19 kB
dist/assets/architectureDiagram-3BPJPVTR-Z6BfNfnE.js    149.77 kB │ gzip:  42.32 kB
dist/assets/katex-C5jXJg4s.js                           261.33 kB │ gzip:  77.57 kB
dist/assets/cytoscape.esm-D_LviqZs.js                   442.60 kB │ gzip: 141.99 kB
dist/assets/mermaid.core-CuXr1Xle.js                    591.92 kB │ gzip: 138.29 kB
dist/assets/wardley-L42UT6IY-ChvHwgsK.js                615.46 kB │ gzip: 148.57 kB
dist/assets/index-DrJyY9uo.js                         1,422.46 kB │ gzip: 366.40 kB

(!) Some chunks are larger than 500 kB after minification. Consider:
- Using dynamic import() to code-split the application
- Use build.rollupOptions.output.manualChunks to improve chunking: https://rollupjs.org/configuration-options/#output-manualchunks
- Adjust chunk size limit for this warning via build.chunkSizeWarningLimit.
✓ built in 9.52s
==> Starting Bun server...
==> Waiting for server at http://127.0.0.1:3333/api/health...
Way of Work server http://127.0.0.1:3333 workspace=/home/zerwiz/CodeP/wayofwork/workspace chatEngine=sdk piDrivesChat=false manifest=/api/manifest
[telegram-bot] Started as @WayofWorkClawbot
==> Server ready.
==> Open http://127.0.0.1:3333 in your browser (Electron disabled)
    Press Ctrl+C to stop the server.
